2025-04-03 09:37:12,491 - INFO - Starting Pipeline...
2025-04-03 09:37:12,491 - INFO - Loading raw data...
2025-04-03 09:37:12,492 - INFO - Opening Excel Files...
2025-04-03 09:37:12,826 - INFO - Data successfully written to raw_tweets table.
2025-04-03 09:37:12,826 - INFO - Training the model...
2025-04-03 09:41:02,748 - INFO - Starting Pipeline...
2025-04-03 09:41:02,748 - INFO - Loading raw data...
2025-04-03 09:41:02,748 - INFO - Opening Excel Files...
2025-04-03 09:41:03,196 - INFO - Data successfully written to raw_data table.
2025-04-03 09:41:03,197 - INFO - Training the model...
2025-04-03 09:45:13,740 - INFO - Starting Pipeline...
2025-04-03 09:45:13,740 - INFO - Loading raw data...
2025-04-03 09:45:13,740 - INFO - Opening Excel Files...
2025-04-03 09:45:14,099 - INFO - Data successfully written to raw_data table.
2025-04-03 09:45:14,099 - INFO - Training the model...
2025-04-03 09:47:05,192 - INFO - Starting Pipeline...
2025-04-03 09:47:05,192 - INFO - Loading raw data...
2025-04-03 09:47:05,192 - INFO - Opening Excel Files...
2025-04-03 09:47:05,522 - INFO - Data successfully written to raw_data table.
2025-04-03 09:47:05,522 - INFO - Training the model...
2025-04-03 09:47:05,530 - INFO - saving linear model...
2025-04-03 09:47:05,531 - INFO - Finito!!
